Start testing: May 12 16:59 CEST
----------------------------------------------------------
1/4 Testing: OrderBookTest.AddBuyAndSellWithoutMatch
1/4 Test: OrderBookTest.AddBuyAndSellWithoutMatch
Command: "/Users/nassimsahib/Desktop/projects/order-book-single-threaded/build/order_book_tests" "--gtest_filter=OrderBookTest.AddBuyAndSellWithoutMatch" "--gtest_also_run_disabled_tests"
Directory: /Users/nassimsahib/Desktop/projects/order-book-single-threaded/build
"OrderBookTest.AddBuyAndSellWithoutMatch" start time: May 12 16:59 CEST
Output:
----------------------------------------------------------
Running main() from /Users/nassimsahib/Desktop/projects/order-book-single-threaded/build/_deps/googletest-src/googletest/src/gtest_main.cc
Note: Google Test filter = OrderBookTest.AddBuyAndSellWithoutMatch
[==========] Running 1 test from 1 test suite.
[----------] Global test environment set-up.
[----------] 1 test from OrderBookTest
[ RUN      ] OrderBookTest.AddBuyAndSellWithoutMatch
[       OK ] OrderBookTest.AddBuyAndSellWithoutMatch (0 ms)
[----------] 1 test from OrderBookTest (0 ms total)

[----------] Global test environment tear-down
[==========] 1 test from 1 test suite ran. (0 ms total)
[  PASSED  ] 1 test.
<end of output>
Test time =   0.00 sec
----------------------------------------------------------
Test Passed.
"OrderBookTest.AddBuyAndSellWithoutMatch" end time: May 12 16:59 CEST
"OrderBookTest.AddBuyAndSellWithoutMatch" time elapsed: 00:00:00
----------------------------------------------------------

2/4 Testing: OrderBookTest.BuyCrossesMultipleAskLevelsAndGeneratesTrades
2/4 Test: OrderBookTest.BuyCrossesMultipleAskLevelsAndGeneratesTrades
Command: "/Users/nassimsahib/Desktop/projects/order-book-single-threaded/build/order_book_tests" "--gtest_filter=OrderBookTest.BuyCrossesMultipleAskLevelsAndGeneratesTrades" "--gtest_also_run_disabled_tests"
Directory: /Users/nassimsahib/Desktop/projects/order-book-single-threaded/build
"OrderBookTest.BuyCrossesMultipleAskLevelsAndGeneratesTrades" start time: May 12 16:59 CEST
Output:
----------------------------------------------------------
Running main() from /Users/nassimsahib/Desktop/projects/order-book-single-threaded/build/_deps/googletest-src/googletest/src/gtest_main.cc
Note: Google Test filter = OrderBookTest.BuyCrossesMultipleAskLevelsAndGeneratesTrades
[==========] Running 1 test from 1 test suite.
[----------] Global test environment set-up.
[----------] 1 test from OrderBookTest
[ RUN      ] OrderBookTest.BuyCrossesMultipleAskLevelsAndGeneratesTrades
[       OK ] OrderBookTest.BuyCrossesMultipleAskLevelsAndGeneratesTrades (0 ms)
[----------] 1 test from OrderBookTest (0 ms total)

[----------] Global test environment tear-down
[==========] 1 test from 1 test suite ran. (0 ms total)
[  PASSED  ] 1 test.
<end of output>
Test time =   0.00 sec
----------------------------------------------------------
Test Passed.
"OrderBookTest.BuyCrossesMultipleAskLevelsAndGeneratesTrades" end time: May 12 16:59 CEST
"OrderBookTest.BuyCrossesMultipleAskLevelsAndGeneratesTrades" time elapsed: 00:00:00
----------------------------------------------------------

3/4 Testing: OrderBookTest.SellCrossesMultipleBidLevelsAndGeneratesTrades
3/4 Test: OrderBookTest.SellCrossesMultipleBidLevelsAndGeneratesTrades
Command: "/Users/nassimsahib/Desktop/projects/order-book-single-threaded/build/order_book_tests" "--gtest_filter=OrderBookTest.SellCrossesMultipleBidLevelsAndGeneratesTrades" "--gtest_also_run_disabled_tests"
Directory: /Users/nassimsahib/Desktop/projects/order-book-single-threaded/build
"OrderBookTest.SellCrossesMultipleBidLevelsAndGeneratesTrades" start time: May 12 16:59 CEST
Output:
----------------------------------------------------------
Running main() from /Users/nassimsahib/Desktop/projects/order-book-single-threaded/build/_deps/googletest-src/googletest/src/gtest_main.cc
Note: Google Test filter = OrderBookTest.SellCrossesMultipleBidLevelsAndGeneratesTrades
[==========] Running 1 test from 1 test suite.
[----------] Global test environment set-up.
[----------] 1 test from OrderBookTest
[ RUN      ] OrderBookTest.SellCrossesMultipleBidLevelsAndGeneratesTrades
[       OK ] OrderBookTest.SellCrossesMultipleBidLevelsAndGeneratesTrades (0 ms)
[----------] 1 test from OrderBookTest (0 ms total)

[----------] Global test environment tear-down
[==========] 1 test from 1 test suite ran. (0 ms total)
[  PASSED  ] 1 test.
<end of output>
Test time =   0.00 sec
----------------------------------------------------------
Test Passed.
"OrderBookTest.SellCrossesMultipleBidLevelsAndGeneratesTrades" end time: May 12 16:59 CEST
"OrderBookTest.SellCrossesMultipleBidLevelsAndGeneratesTrades" time elapsed: 00:00:00
----------------------------------------------------------

4/4 Testing: OrderBookTest.FifoAtSamePriceLeavesSecondOrderPartiallyFilledAndGeneratesTrades
4/4 Test: OrderBookTest.FifoAtSamePriceLeavesSecondOrderPartiallyFilledAndGeneratesTrades
Command: "/Users/nassimsahib/Desktop/projects/order-book-single-threaded/build/order_book_tests" "--gtest_filter=OrderBookTest.FifoAtSamePriceLeavesSecondOrderPartiallyFilledAndGeneratesTrades" "--gtest_also_run_disabled_tests"
Directory: /Users/nassimsahib/Desktop/projects/order-book-single-threaded/build
"OrderBookTest.FifoAtSamePriceLeavesSecondOrderPartiallyFilledAndGeneratesTrades" start time: May 12 16:59 CEST
Output:
----------------------------------------------------------
Running main() from /Users/nassimsahib/Desktop/projects/order-book-single-threaded/build/_deps/googletest-src/googletest/src/gtest_main.cc
Note: Google Test filter = OrderBookTest.FifoAtSamePriceLeavesSecondOrderPartiallyFilledAndGeneratesTrades
[==========] Running 1 test from 1 test suite.
[----------] Global test environment set-up.
[----------] 1 test from OrderBookTest
[ RUN      ] OrderBookTest.FifoAtSamePriceLeavesSecondOrderPartiallyFilledAndGeneratesTrades
[       OK ] OrderBookTest.FifoAtSamePriceLeavesSecondOrderPartiallyFilledAndGeneratesTrades (0 ms)
[----------] 1 test from OrderBookTest (0 ms total)

[----------] Global test environment tear-down
[==========] 1 test from 1 test suite ran. (0 ms total)
[  PASSED  ] 1 test.
<end of output>
Test time =   0.00 sec
----------------------------------------------------------
Test Passed.
"OrderBookTest.FifoAtSamePriceLeavesSecondOrderPartiallyFilledAndGeneratesTrades" end time: May 12 16:59 CEST
"OrderBookTest.FifoAtSamePriceLeavesSecondOrderPartiallyFilledAndGeneratesTrades" time elapsed: 00:00:00
----------------------------------------------------------

End testing: May 12 16:59 CEST
